<?xml version="1.0" encoding="UTF-8"?>
<!-- Generated by org.testng.reporters.JUnitReportReporter -->
<testsuite hostname="LAPTOP-HH7IGSDH" failures="0" tests="1" name="missionHumaneProject.CovidResources_Bengaluru" time="55.604" errors="0" timestamp="2022-01-28T15:37:17 PST" skipped="0">
  <testcase classname="missionHumaneProject.CovidResources_Bengaluru" name="test01" time="55.604"/>
  <system-out/>
</testsuite> <!-- missionHumaneProject.CovidResources_Bengaluru -->
