<?xml version="1.0" encoding="UTF-8"?>
<!-- Generated by org.testng.reporters.JUnitReportReporter -->
<testsuite hostname="LAPTOP-HH7IGSDH" failures="0" tests="2" name="missionHumaneProject.TamilNadu_Beds_Status" time="946.344" errors="0" timestamp="2022-01-28T15:36:01 PST" skipped="0">
  <testcase classname="missionHumaneProject.TamilNadu_Beds_Status" name="webtable" time="946.099"/>
  <system-out/>
  <testcase classname="missionHumaneProject.TamilNadu_Beds_Status" name="scraping" time="0.245"/>
  <system-out/>
</testsuite> <!-- missionHumaneProject.TamilNadu_Beds_Status -->
