<?xml version="1.0" encoding="UTF-8"?>
<!-- Generated by org.testng.reporters.JUnitReportReporter -->
<testsuite hostname="LAPTOP-HH7IGSDH" failures="0" tests="1" name="seleniumPractice.NewTest" time="0.978" errors="0" timestamp="14 Dec 2021 22:26:57 GMT" skipped="0">
  <testcase classname="seleniumPractice.NewTest" name="f" time="0.978"/>
</testsuite> <!-- seleniumPractice.NewTest -->
