<?xml version="1.0" encoding="UTF-8"?>
<!-- Generated by org.testng.reporters.JUnitReportReporter -->
<testsuite hostname="LAPTOP-HH7IGSDH" failures="0" tests="1" name="revisePavan.ParameterisationTest" time="0.009" errors="0" timestamp="2022-01-07T12:55:08 PST" skipped="0">
  <testcase classname="revisePavan.ParameterisationTest" name="m1" time="0.009"/>
  <system-out/>
</testsuite> <!-- revisePavan.ParameterisationTest -->
