<?xml version="1.0" encoding="UTF-8"?>
<!-- Generated by org.testng.reporters.JUnitReportReporter -->
<testsuite hostname="LAPTOP-HH7IGSDH" failures="0" tests="2" name="seleniumPractice.firsttestNG" time="0.006" errors="0" timestamp="14 Dec 2021 03:07:13 GMT" skipped="0">
  <testcase classname="seleniumPractice.firsttestNG" name="f1" time="0.001"/>
  <testcase classname="seleniumPractice.firsttestNG" name="f" time="0.005"/>
</testsuite> <!-- seleniumPractice.firsttestNG -->
