<?xml version="1.0" encoding="UTF-8"?>
<!-- Generated by org.testng.reporters.JUnitReportReporter -->
<testsuite hostname="LAPTOP-HH7IGSDH" failures="0" tests="3" name="seleniumPractice.NewTest_pvn" time="0.010" errors="0" timestamp="16 Dec 2021 00:10:49 GMT" skipped="1">
  <testcase classname="seleniumPractice.NewTest_pvn" name="f2" time="0.003"/>
  <testcase classname="seleniumPractice.NewTest_pvn" name="f1" time="0.007"/>
  <testcase classname="seleniumPractice.NewTest_pvn" name="f">
    <skipped/>
  </testcase> <!-- f -->
</testsuite> <!-- seleniumPractice.NewTest_pvn -->
