<?xml version="1.0" encoding="UTF-8"?>
<!-- Generated by org.testng.reporters.JUnitReportReporter -->
<testsuite hostname="LAPTOP-HH7IGSDH" failures="0" tests="3" name="log4J.Log4JDemo" time="0.066" errors="0" timestamp="2021-12-27T12:01:13 PST" skipped="0">
  <testcase classname="log4J.Log4JDemo" name="setup" time="0.063"/>
  <system-out/>
  <testcase classname="log4J.Log4JDemo" name="login" time="0.001"/>
  <system-out/>
  <testcase classname="log4J.Log4JDemo" name="logout" time="0.002"/>
  <system-out/>
</testsuite> <!-- log4J.Log4JDemo -->
