<?xml version="1.0" encoding="UTF-8"?>
<!-- Generated by org.testng.reporters.JUnitReportReporter -->
<testsuite hostname="LAPTOP-HH7IGSDH" failures="0" tests="3" name="revisePavan.TestNGAnnotations" time="0.011" errors="0" timestamp="2022-01-07T12:39:36 PST" skipped="1">
  <testcase classname="revisePavan.TestNGAnnotations" name="recharge" time="0.010"/>
  <system-out/>
  <testcase classname="revisePavan.TestNGAnnotations" name="search" time="0.001"/>
  <system-out/>
  <testcase classname="revisePavan.TestNGAnnotations" name="advsearch">
    <skipped/>
  </testcase> <!-- advsearch -->
  <system-out/>
</testsuite> <!-- revisePavan.TestNGAnnotations -->
