<?xml version="1.0" encoding="UTF-8"?>
<!-- Generated by org.testng.reporters.JUnitReportReporter -->
<testsuite hostname="LAPTOP-HH7IGSDH" failures="0" tests="8" name="parameterisationPVN.CrossBrowserTest" time="17.085" errors="0" timestamp="16 Dec 2021 06:31:36 GMT" skipped="0">
  <testcase classname="parameterisationPVN.CrossBrowserTest" name="launchbrowser" time="7.336"/>
  <testcase classname="parameterisationPVN.CrossBrowserTest" name="launchbrowser" time="8.135"/>
  <testcase classname="parameterisationPVN.CrossBrowserTest" name="verifytitle" time="0.012"/>
  <testcase classname="parameterisationPVN.CrossBrowserTest" name="verifytitle" time="0.014"/>
  <testcase classname="parameterisationPVN.CrossBrowserTest" name="registration" time="0.001"/>
  <testcase classname="parameterisationPVN.CrossBrowserTest" name="registration" time="0.001"/>
  <testcase classname="parameterisationPVN.CrossBrowserTest" name="closebrowser" time="1.412"/>
  <testcase classname="parameterisationPVN.CrossBrowserTest" name="closebrowser" time="0.174"/>
</testsuite> <!-- parameterisationPVN.CrossBrowserTest -->
