<?xml version="1.0" encoding="UTF-8"?>
<!-- Generated by org.testng.reporters.JUnitReportReporter -->
<testsuite hostname="LAPTOP-HH7IGSDH" failures="0" tests="3" name="parameterisationPVN.DataProviderExample" time="6.734" errors="0" timestamp="16 Dec 2021 06:59:18 GMT" skipped="0">
  <testcase classname="parameterisationPVN.DataProviderExample" name="logintest" time="4.590"/>
  <testcase classname="parameterisationPVN.DataProviderExample" name="logintest" time="1.111"/>
  <testcase classname="parameterisationPVN.DataProviderExample" name="logintest" time="1.033"/>
</testsuite> <!-- parameterisationPVN.DataProviderExample -->
