<?xml version="1.0" encoding="UTF-8"?>
<!-- Generated by org.testng.reporters.JUnitReportReporter -->
<testsuite hostname="LAPTOP-HH7IGSDH" failures="0" tests="3" name="revisePavan.DataProviderExample" time="19.691" errors="0" timestamp="2022-01-07T14:03:14 PST" skipped="0">
  <testcase classname="revisePavan.DataProviderExample" name="logintest" time="5.797"/>
  <system-out/>
  <testcase classname="revisePavan.DataProviderExample" name="logintest" time="7.936"/>
  <system-out/>
  <testcase classname="revisePavan.DataProviderExample" name="logintest" time="5.958"/>
  <system-out/>
</testsuite> <!-- revisePavan.DataProviderExample -->
