<?xml version="1.0" encoding="UTF-8"?>
<!-- Generated by org.testng.reporters.JUnitReportReporter -->
<testsuite hostname="LAPTOP-HH7IGSDH" failures="0" tests="1" name="pageobjModelRevisePavan.LoginTest" time="22.410" errors="0" timestamp="2022-01-08T11:32:29 PST" skipped="0">
  <testcase classname="pageobjModelRevisePavan.LoginTest" name="login" time="22.410"/>
  <system-out/>
</testsuite> <!-- pageobjModelRevisePavan.LoginTest -->
