<?xml version="1.0" encoding="UTF-8"?>
<!-- Generated by org.testng.reporters.JUnitReportReporter -->
<testsuite hostname="LAPTOP-HH7IGSDH" failures="0" tests="1" name="pageObjModel.LoginTest" time="1.821" errors="0" timestamp="2021-12-27T13:10:07 PST" skipped="0">
  <testcase classname="pageObjModel.LoginTest" name="login" time="1.821"/>
  <system-out/>
</testsuite> <!-- pageObjModel.LoginTest -->
