<?xml version="1.0" encoding="UTF-8"?>
<!-- Generated by org.testng.reporters.JUnitReportReporter -->
<testsuite hostname="LAPTOP-HH7IGSDH" failures="0" tests="3" name="log4jDemoRevisePavan.Log4jDemo" time="0.132" errors="0" timestamp="2022-01-08T10:53:01 PST" skipped="0">
  <testcase classname="log4jDemoRevisePavan.Log4jDemo" name="setup" time="0.129"/>
  <system-out/>
  <testcase classname="log4jDemoRevisePavan.Log4jDemo" name="login" time="0.002"/>
  <system-out/>
  <testcase classname="log4jDemoRevisePavan.Log4jDemo" name="logout" time="0.001"/>
  <system-out/>
</testsuite> <!-- log4jDemoRevisePavan.Log4jDemo -->
