<?xml version="1.0" encoding="UTF-8"?>
<!-- Generated by org.testng.reporters.JUnitReportReporter -->
<testsuite hostname="LAPTOP-HH7IGSDH" failures="0" tests="6" name="revisePavan.CrossBrowserTest" time="15.171" errors="0" timestamp="2022-01-07T13:29:05 PST" skipped="0">
  <testcase classname="revisePavan.CrossBrowserTest" name="launchbrowser" time="6.084"/>
  <system-out/>
  <testcase classname="revisePavan.CrossBrowserTest" name="launchbrowser" time="9.080"/>
  <system-out/>
  <testcase classname="revisePavan.CrossBrowserTest" name="m2" time="0.002"/>
  <system-out/>
  <testcase classname="revisePavan.CrossBrowserTest" name="m2" time="0.002"/>
  <system-out/>
  <testcase classname="revisePavan.CrossBrowserTest" name="m3" time="0.002"/>
  <system-out/>
  <testcase classname="revisePavan.CrossBrowserTest" name="m3" time="0.001"/>
  <system-out/>
</testsuite> <!-- revisePavan.CrossBrowserTest -->
