<?xml version="1.0" encoding="UTF-8"?>
<!-- Generated by org.testng.reporters.JUnitReportReporter -->
<testsuite hostname="LAPTOP-HH7IGSDH" failures="0" tests="1" name="parameterisationPVN.Test1" time="0.010" errors="0" timestamp="16 Dec 2021 05:56:11 GMT" skipped="0">
  <testcase classname="parameterisationPVN.Test1" name="f" time="0.010"/>
</testsuite> <!-- parameterisationPVN.Test1 -->
