<?xml version="1.0" encoding="UTF-8"?>
<!-- Generated by org.testng.reporters.JUnitReportReporter -->
<testsuite hostname="LAPTOP-HH7IGSDH" failures="0" tests="3" name="listenersRevisePavan.LoginTest" time="0.011" errors="0" timestamp="2022-01-07T14:57:36 PST" skipped="0">
  <testcase classname="listenersRevisePavan.LoginTest" name="setup" time="0.001"/>
  <system-out/>
  <testcase classname="listenersRevisePavan.LoginTest" name="loginbyfacebook" time="0.001"/>
  <system-out/>
  <testcase classname="listenersRevisePavan.LoginTest" name="loginbyemail" time="0.009"/>
  <system-out/>
</testsuite> <!-- listenersRevisePavan.LoginTest -->
