<?xml version="1.0" encoding="UTF-8"?>
<!-- Generated by org.testng.reporters.JUnitReportReporter -->
<testsuite hostname="LAPTOP-HH7IGSDH" failures="0" tests="1" name="seleniumPractice.GeckoDriver" time="0.699" errors="0" timestamp="15 Dec 2021 22:55:54 GMT" skipped="0">
  <testcase classname="seleniumPractice.GeckoDriver" name="f" time="0.699"/>
</testsuite> <!-- seleniumPractice.GeckoDriver -->
